CONSTRUCCION AST DESCENDENTE
{
<int>
var1
;
<real>
var2
;
<bool>
var3
&&
@
var1
=
(
(
5
*
4
)
)
+
(
3
*
2
)
*
(
4
+
2
)
/
(
3
-
4
)
+
-
(
5
*
4
%
2
)
;
@
var2
=
(
(
-
3.14e12
)
)
*
(
4.05e1
)
/
0.002
-
-
(
4
+
5
*
0.2
)
;
@
var3
=
(
<not>
<true>
)
<or>
(
var1
>=
var2
<and>
var2
%
3
==
5
)
}
<EOF>
IMPRESION RECURSIVA
{
<int>
var1$f:3,c:7$
;
<real>
var2$f:4,c:8$
;
<bool>
var3$f:5,c:8$
&&
@
var1$f:7,c:5$
=$f:7,c:10$
5$f:7,c:14$
*$f:7,c:16$
4$f:7,c:18$
+$f:7,c:22$
3$f:7,c:25$
*$f:7,c:27$
2$f:7,c:29$
*$f:7,c:32$
(
4$f:7,c:35$
+$f:7,c:37$
2$f:7,c:39$
)
/$f:7,c:42$
(
3$f:7,c:45$
-$f:7,c:47$
4$f:7,c:49$
)
+$f:7,c:52$
-$f:7,c:54$
(
5$f:7,c:56$
*$f:7,c:58$
4$f:7,c:60$
%$f:7,c:62$
2$f:7,c:64$
)
;
@
var2$f:8,c:5$
=$f:8,c:10$
-$f:8,c:14$
3.14e12$f:8,c:16$
*$f:8,c:26$
4.05e1$f:8,c:29$
/$f:8,c:37$
0.002$f:8,c:39$
-$f:8,c:45$
-$f:8,c:47$
(
4$f:8,c:49$
+$f:8,c:51$
5$f:8,c:53$
*$f:8,c:55$
0.2$f:8,c:57$
)
;
@
var3$f:9,c:5$
=$f:9,c:10$
<not>$f:9,c:13$
<true>$f:9,c:17$
<or>$f:9,c:23$
(
var1$f:9,c:27$
>=$f:9,c:32$
var2$f:9,c:35$
<and>$f:9,c:40$
var2$f:9,c:44$
%$f:9,c:49$
3$f:9,c:51$
==$f:9,c:53$
5$f:9,c:56$
)
}
IMPRESION INTERPRETE
{
<int>
var1$f:3,c:7$
;
<real>
var2$f:4,c:8$
;
<bool>
var3$f:5,c:8$
&&
@
var1$f:7,c:5$
=$f:7,c:10$
5$f:7,c:14$
*$f:7,c:16$
4$f:7,c:18$
+$f:7,c:22$
3$f:7,c:25$
*$f:7,c:27$
2$f:7,c:29$
*$f:7,c:32$
(
4$f:7,c:35$
+$f:7,c:37$
2$f:7,c:39$
)
/$f:7,c:42$
(
3$f:7,c:45$
-$f:7,c:47$
4$f:7,c:49$
)
+$f:7,c:52$
-$f:7,c:54$
(
5$f:7,c:56$
*$f:7,c:58$
4$f:7,c:60$
%$f:7,c:62$
2$f:7,c:64$
)
;
@
var2$f:8,c:5$
=$f:8,c:10$
-$f:8,c:14$
3.14e12$f:8,c:16$
*$f:8,c:26$
4.05e1$f:8,c:29$
/$f:8,c:37$
0.002$f:8,c:39$
-$f:8,c:45$
-$f:8,c:47$
(
4$f:8,c:49$
+$f:8,c:51$
5$f:8,c:53$
*$f:8,c:55$
0.2$f:8,c:57$
)
;
@
var3$f:9,c:5$
=$f:9,c:10$
<not>$f:9,c:13$
<true>$f:9,c:17$
<or>$f:9,c:23$
(
var1$f:9,c:27$
>=$f:9,c:32$
var2$f:9,c:35$
<and>$f:9,c:40$
var2$f:9,c:44$
%$f:9,c:49$
3$f:9,c:51$
==$f:9,c:53$
5$f:9,c:56$
)
}
IMPRESION VISITANTE
{
<int>
var1$f:3,c:7$
;
<real>
var2$f:4,c:8$
;
<bool>
var3$f:5,c:8$
&&
@
var1$f:7,c:5$
=$f:7,c:10$
5$f:7,c:14$
*$f:7,c:16$
4$f:7,c:18$
+$f:7,c:22$
3$f:7,c:25$
*$f:7,c:27$
2$f:7,c:29$
*$f:7,c:32$
(
4$f:7,c:35$
+$f:7,c:37$
2$f:7,c:39$
)
/$f:7,c:42$
(
3$f:7,c:45$
-$f:7,c:47$
4$f:7,c:49$
)
+$f:7,c:52$
-$f:7,c:54$
(
5$f:7,c:56$
*$f:7,c:58$
4$f:7,c:60$
%$f:7,c:62$
2$f:7,c:64$
)
;
@
var2$f:8,c:5$
=$f:8,c:10$
-$f:8,c:14$
3.14e12$f:8,c:16$
*$f:8,c:26$
4.05e1$f:8,c:29$
/$f:8,c:37$
0.002$f:8,c:39$
-$f:8,c:45$
-$f:8,c:47$
(
4$f:8,c:49$
+$f:8,c:51$
5$f:8,c:53$
*$f:8,c:55$
0.2$f:8,c:57$
)
;
@
var3$f:9,c:5$
=$f:9,c:10$
<not>$f:9,c:13$
<true>$f:9,c:17$
<or>$f:9,c:23$
(
var1$f:9,c:27$
>=$f:9,c:32$
var2$f:9,c:35$
<and>$f:9,c:40$
var2$f:9,c:44$
%$f:9,c:49$
3$f:9,c:51$
==$f:9,c:53$
5$f:9,c:56$
)
}
